<?xml version="1.0" encoding="UTF-8"?>
<!-- Generated by org.testng.reporters.JUnitReportReporter -->
<testsuite hostname="SLVYDEV043" failures="0" tests="4" name="testSteps.CreditCardResultPageTest" time="2.804" errors="0" timestamp="2022-05-16T00:20:56 EET" skipped="0">
  <testcase classname="testSteps.CreditCardResultPageTest" name="Should_CheckPPSETCookie" time="0.489"/>
  <system-out/>
  <testcase classname="testSteps.CreditCardResultPageTest" name="clickContinueButton" time="0.929"/>
  <system-out/>
  <testcase classname="testSteps.CreditCardResultPageTest" name="clickContinueButton" time="0.908"/>
  <system-out/>
  <testcase classname="testSteps.CreditCardResultPageTest" name="Should_CheckPPSETCookie" time="0.478"/>
  <system-out/>
</testsuite> <!-- testSteps.CreditCardResultPageTest -->
